pupalinksapp/app/build/outputs/logs/manifest-merger-debug-report.txt
-- Merging decision tree log ---
manifest
ADDED from src/main/AndroidManifest.xml:2:1-34:12
INJECTED from src/main/AndroidManifest.xml:2:1-34:12
INJECTED from src/main/AndroidManifest.xml:2:1-34:12
INJECTED from src/main/AndroidManifest.xml:2:1-34:12
MERGED from [com.android.support:design:27.0.2] AndroidManifest.xml:17:1-22:12
MERGED from [com.android.support:appcompat-v7:27.0.2] AndroidManifest.xml:17:1-22:12
MERGED from [com.android.support:animated-vector-drawable:27.0.2] AndroidManifest.xml:17:1-22:12
MERGED from [com.google.android.exoplayer:extension-ima:2.8.4] AndroidManifest.xml:17:1-28:12
MERGED from [com.github.barteksc:android-pdf-viewer:3.0.0-beta.5] AndroidManifest.xml:2:1-11:12
MERGED from [com.github.barteksc:pdfium-android:1.8.2] AndroidManifest.xml:2:1-11:12
MERGED from [com.google.android.gms:play-services-ads:15.0.1] AndroidManifest.xml:17:1-25:12
MERGED from [com.google.android.gms:play-services-ads-identifier:15.0.1] AndroidManifest.xml:17:1-24:12
MERGED from [com.google.android.gms:play-services-ads-lite:15.0.1] AndroidManifest.xml:17:1-36:12
MERGED from [com.google.android.gms:play-services-gass:15.0.1] AndroidManifest.xml:2:1-9:12
MERGED from [com.google.android.gms:play-services-basement:15.0.1] AndroidManifest.xml:17:1-28:12
MERGED from [com.android.support:support-v4:27.0.2] AndroidManifest.xml:17:1-22:12
MERGED from [com.google.android.exoplayer:exoplayer-ui:2.8.4] AndroidManifest.xml:17:1-24:12
MERGED from [com.android.support:support-media-compat:27.0.2] AndroidManifest.xml:17:1-22:12
MERGED from [com.android.support:customtabs:27.0.2] AndroidManifest.xml:17:1-22:12
MERGED from [com.github.bumptech.glide:glide:4.6.1] AndroidManifest.xml:2:1-13:12
MERGED from [pl.droidsonroids.gif:android-gif-drawable:1.2.19] AndroidManifest.xml:2:1-9:12
MERGED from [com.android.support:recyclerview-v7:27.0.2] AndroidManifest.xml:17:1-22:12
MERGED from [com.google.android.exoplayer:exoplayer-dash:2.8.4] AndroidManifest.xml:17:1-24:12
MERGED from [com.google.android.exoplayer:exoplayer-hls:2.8.4] AndroidManifest.xml:17:1-24:12
MERGED from [com.google.android.exoplayer:exoplayer-core:2.8.4] AndroidManifest.xml:17:1-26:12
MERGED from [com.mikhaellopez:circularimageview:3.2.0] AndroidManifest.xml:2:1-11:12
MERGED from [com.danikula:videocache:2.7.1] AndroidManifest.xml:2:1-14:12
MERGED from [com.android.volley:volley:1.1.0] AndroidManifest.xml:2:1-11:12
MERGED from [com.android.support:cardview-v7:27.0.0] AndroidManifest.xml:17:1-22:12
MERGED from [com.android.support.constraint:constraint-layout:1.1.3] AndroidManifest.xml:2:1-11:12
MERGED from [com.android.support:support-fragment:27.0.2] AndroidManifest.xml:17:1-22:12
MERGED from [com.android.support:support-core-utils:27.0.2] AndroidManifest.xml:17:1-22:12
MERGED from [com.android.support:support-vector-drawable:27.0.2] AndroidManifest.xml:17:1-22:12
MERGED from [com.android.support:support-core-ui:27.0.2] AndroidManifest.xml:17:1-22:12
MERGED from [com.android.support:transition:27.0.2] AndroidManifest.xml:17:1-22:12
MERGED from [com.android.support:support-compat:27.0.2] AndroidManifest.xml:17:1-22:12
MERGED from [com.github.bumptech.glide:gifdecoder:4.6.1] AndroidManifest.xml:2:1-11:12
MERGED from [pl.droidsonroids:relinker:1.3.1] AndroidManifest.xml:2:1-7:12
MERGED from [android.arch.lifecycle:runtime:1.0.3] AndroidManifest.xml:17:1-24:12
MERGED from [com.google.android.gms:play-services-ads-base:15.0.1] AndroidManifest.xml:17:1-24:12
INJECTED from src/main/AndroidManifest.xml:2:1-34:12
INJECTED from src/main/AndroidManifest.xml:2:1-34:12
INJECTED from src/main/AndroidManifest.xml:2:1-34:12
	package
		ADDED from src/main/AndroidManifest.xml:4:5-39
		INJECTED from src/main/AndroidManifest.xml
		INJECTED from src/main/AndroidManifest.xml
	android:versionName
		INJECTED from src/main/AndroidManifest.xml
		ADDED from src/main/AndroidManifest.xml:2:1-34:12
		INJECTED from src/main/AndroidManifest.xml
	xmlns:tools
		ADDED from src/main/AndroidManifest.xml:3:5-51
	android:versionCode
		INJECTED from src/main/AndroidManifest.xml
		ADDED from src/main/AndroidManifest.xml:2:1-34:12
		INJECTED from src/main/AndroidManifest.xml
	xmlns:android
		ADDED from src/main/AndroidManifest.xml:2:11-69
uses-permission#android.permission.INTERNET
ADDED from src/main/AndroidManifest.xml:6:5-67
MERGED from [com.google.android.gms:play-services-ads-lite:15.0.1] AndroidManifest.xml:23:5-67
MERGED from [com.google.android.gms:play-services-ads-lite:15.0.1] AndroidManifest.xml:23:5-67
	android:name
		ADDED from src/main/AndroidManifest.xml:6:22-64
application
ADDED from src/main/AndroidManifest.xml:8:5-32:19
MERGED from [com.google.android.gms:play-services-ads-identifier:15.0.1] AndroidManifest.xml:22:5-20
MERGED from [com.google.android.gms:play-services-ads-identifier:15.0.1] AndroidManifest.xml:22:5-20
MERGED from [com.google.android.gms:play-services-ads-lite:15.0.1] AndroidManifest.xml:26:5-34:19
MERGED from [com.google.android.gms:play-services-ads-lite:15.0.1] AndroidManifest.xml:26:5-34:19
MERGED from [com.google.android.gms:play-services-gass:15.0.1] AndroidManifest.xml:7:5-20
MERGED from [com.google.android.gms:play-services-gass:15.0.1] AndroidManifest.xml:7:5-20
MERGED from [com.google.android.gms:play-services-basement:15.0.1] AndroidManifest.xml:22:5-26:19
MERGED from [com.google.android.gms:play-services-basement:15.0.1] AndroidManifest.xml:22:5-26:19
MERGED from [com.github.bumptech.glide:glide:4.6.1] AndroidManifest.xml:11:5-20
MERGED from [com.github.bumptech.glide:glide:4.6.1] AndroidManifest.xml:11:5-20
MERGED from [com.danikula:videocache:2.7.1] AndroidManifest.xml:12:5-20
MERGED from [com.danikula:videocache:2.7.1] AndroidManifest.xml:12:5-20
MERGED from [com.android.volley:volley:1.1.0] AndroidManifest.xml:9:5-20
MERGED from [com.android.volley:volley:1.1.0] AndroidManifest.xml:9:5-20
MERGED from [com.android.support.constraint:constraint-layout:1.1.3] AndroidManifest.xml:9:5-20
MERGED from [com.android.support.constraint:constraint-layout:1.1.3] AndroidManifest.xml:9:5-20
MERGED from [com.github.bumptech.glide:gifdecoder:4.6.1] AndroidManifest.xml:9:5-20
MERGED from [com.github.bumptech.glide:gifdecoder:4.6.1] AndroidManifest.xml:9:5-20
MERGED from [com.google.android.gms:play-services-ads-base:15.0.1] AndroidManifest.xml:22:5-20
MERGED from [com.google.android.gms:play-services-ads-base:15.0.1] AndroidManifest.xml:22:5-20
	android:supportsRtl
		ADDED from src/main/AndroidManifest.xml:12:9-35
	android:label
		ADDED from src/main/AndroidManifest.xml:10:9-41
	tools:ignore
		ADDED from src/main/AndroidManifest.xml:14:9-48
	android:roundIcon
		ADDED from src/main/AndroidManifest.xml:11:9-54
	android:icon
		ADDED from src/main/AndroidManifest.xml:9:9-43
	android:theme
		ADDED from src/main/AndroidManifest.xml:13:9-40
activity#com.example.pupalinksapp.Musicvideo
ADDED from src/main/AndroidManifest.xml:15:9-48
	android:name
		ADDED from src/main/AndroidManifest.xml:15:19-45
activity#com.example.pupalinksapp.Film
ADDED from src/main/AndroidManifest.xml:16:9-42
	android:name
		ADDED from src/main/AndroidManifest.xml:16:19-39
activity#com.example.pupalinksapp.DocumentActivity
ADDED from src/main/AndroidManifest.xml:17:9-54
	android:name
		ADDED from src/main/AndroidManifest.xml:17:19-51
activity#com.example.pupalinksapp.Audioplayer
ADDED from src/main/AndroidManifest.xml:18:9-49
	android:name
		ADDED from src/main/AndroidManifest.xml:18:19-46
activity#com.example.pupalinksapp.Videoplay
ADDED from src/main/AndroidManifest.xml:19:9-21:62
	android:configChanges
		ADDED from src/main/AndroidManifest.xml:21:13-59
	android:name
		ADDED from src/main/AndroidManifest.xml:20:13-38
activity#com.example.pupalinksapp.Home
ADDED from src/main/AndroidManifest.xml:22:9-42
	android:name
		ADDED from src/main/AndroidManifest.xml:22:19-39
activity#com.example.pupalinksapp.MainActivity
ADDED from src/main/AndroidManifest.xml:23:9-29:20
	android:name
		ADDED from src/main/AndroidManifest.xml:23:19-47
intent-filter#action:name:android.intent.action.MAIN+category:name:android.intent.category.LAUNCHER
ADDED from src/main/AndroidManifest.xml:24:13-28:29
action#android.intent.action.MAIN
ADDED from src/main/AndroidManifest.xml:25:17-69
	android:name
		ADDED from src/main/AndroidManifest.xml:25:25-66
category#android.intent.category.LAUNCHER
ADDED from src/main/AndroidManifest.xml:27:17-77
	android:name
		ADDED from src/main/AndroidManifest.xml:27:27-74
service#com.example.pupalinksapp.Audioplayerservece
ADDED from src/main/AndroidManifest.xml:31:9-55
	android:name
		ADDED from src/main/AndroidManifest.xml:31:18-52
uses-sdk
INJECTED from src/main/AndroidManifest.xml reason: use-sdk injection requested
INJECTED from src/main/AndroidManifest.xml
INJECTED from src/main/AndroidManifest.xml
MERGED from [com.android.support:design:27.0.2] AndroidManifest.xml:20:5-44
MERGED from [com.android.support:design:27.0.2] AndroidManifest.xml:20:5-44
MERGED from [com.android.support:appcompat-v7:27.0.2] AndroidManifest.xml:20:5-44
MERGED from [com.android.support:appcompat-v7:27.0.2] AndroidManifest.xml:20:5-44
MERGED from [com.android.support:animated-vector-drawable:27.0.2] AndroidManifest.xml:20:5-44
MERGED from [com.android.support:animated-vector-drawable:27.0.2] AndroidManifest.xml:20:5-44
MERGED from [com.google.android.exoplayer:extension-ima:2.8.4] AndroidManifest.xml:20:5-22:41
MERGED from [com.google.android.exoplayer:extension-ima:2.8.4] AndroidManifest.xml:20:5-22:41
MERGED from [com.github.barteksc:android-pdf-viewer:3.0.0-beta.5] AndroidManifest.xml:7:5-9:41
MERGED from [com.github.barteksc:android-pdf-viewer:3.0.0-beta.5] AndroidManifest.xml:7:5-9:41
MERGED from [com.github.barteksc:pdfium-android:1.8.2] AndroidManifest.xml:7:5-9:41
MERGED from [com.github.barteksc:pdfium-android:1.8.2] AndroidManifest.xml:7:5-9:41
MERGED from [com.google.android.gms:play-services-ads:15.0.1] AndroidManifest.xml:21:5-23:62
MERGED from [com.google.android.gms:play-services-ads:15.0.1] AndroidManifest.xml:21:5-23:62
MERGED from [com.google.android.gms:play-services-ads-identifier:15.0.1] AndroidManifest.xml:20:5-44
MERGED from [com.google.android.gms:play-services-ads-identifier:15.0.1] AndroidManifest.xml:20:5-44
MERGED from [com.google.android.gms:play-services-ads-lite:15.0.1] AndroidManifest.xml:20:5-44
MERGED from [com.google.android.gms:play-services-ads-lite:15.0.1] AndroidManifest.xml:20:5-44
MERGED from [com.google.android.gms:play-services-gass:15.0.1] AndroidManifest.xml:5:5-44
MERGED from [com.google.android.gms:play-services-gass:15.0.1] AndroidManifest.xml:5:5-44
MERGED from [com.google.android.gms:play-services-basement:15.0.1] AndroidManifest.xml:20:5-44
MERGED from [com.google.android.gms:play-services-basement:15.0.1] AndroidManifest.xml:20:5-44
MERGED from [com.android.support:support-v4:27.0.2] AndroidManifest.xml:20:5-44
MERGED from [com.android.support:support-v4:27.0.2] AndroidManifest.xml:20:5-44
MERGED from [com.google.android.exoplayer:exoplayer-ui:2.8.4] AndroidManifest.xml:20:5-22:41
MERGED from [com.google.android.exoplayer:exoplayer-ui:2.8.4] AndroidManifest.xml:20:5-22:41
MERGED from [com.android.support:support-media-compat:27.0.2] AndroidManifest.xml:20:5-44
MERGED from [com.android.support:support-media-compat:27.0.2] AndroidManifest.xml:20:5-44
MERGED from [com.android.support:customtabs:27.0.2] AndroidManifest.xml:20:5-44
MERGED from [com.android.support:customtabs:27.0.2] AndroidManifest.xml:20:5-44
MERGED from [com.github.bumptech.glide:glide:4.6.1] AndroidManifest.xml:7:5-9:41
MERGED from [com.github.bumptech.glide:glide:4.6.1] AndroidManifest.xml:7:5-9:41
MERGED from [pl.droidsonroids.gif:android-gif-drawable:1.2.19] AndroidManifest.xml:5:5-7:41
MERGED from [pl.droidsonroids.gif:android-gif-drawable:1.2.19] AndroidManifest.xml:5:5-7:41
MERGED from [com.android.support:recyclerview-v7:27.0.2] AndroidManifest.xml:20:5-44
MERGED from [com.android.support:recyclerview-v7:27.0.2] AndroidManifest.xml:20:5-44
MERGED from [com.google.android.exoplayer:exoplayer-dash:2.8.4] AndroidManifest.xml:20:5-22:41
MERGED from [com.google.android.exoplayer:exoplayer-dash:2.8.4] AndroidManifest.xml:20:5-22:41
MERGED from [com.google.android.exoplayer:exoplayer-hls:2.8.4] AndroidManifest.xml:20:5-22:41
MERGED from [com.google.android.exoplayer:exoplayer-hls:2.8.4] AndroidManifest.xml:20:5-22:41
MERGED from [com.google.android.exoplayer:exoplayer-core:2.8.4] AndroidManifest.xml:20:5-22:41
MERGED from [com.google.android.exoplayer:exoplayer-core:2.8.4] AndroidManifest.xml:20:5-22:41
MERGED from [com.mikhaellopez:circularimageview:3.2.0] AndroidManifest.xml:7:5-9:41
MERGED from [com.mikhaellopez:circularimageview:3.2.0] AndroidManifest.xml:7:5-9:41
MERGED from [com.danikula:videocache:2.7.1] AndroidManifest.xml:8:5-10:41
MERGED from [com.danikula:videocache:2.7.1] AndroidManifest.xml:8:5-10:41
MERGED from [com.android.volley:volley:1.1.0] AndroidManifest.xml:7:5-43
MERGED from [com.android.volley:volley:1.1.0] AndroidManifest.xml:7:5-43
MERGED from [com.android.support:cardview-v7:27.0.0] AndroidManifest.xml:20:5-44
MERGED from [com.android.support:cardview-v7:27.0.0] AndroidManifest.xml:20:5-44
MERGED from [com.android.support.constraint:constraint-layout:1.1.3] AndroidManifest.xml:5:5-7:41
MERGED from [com.android.support.constraint:constraint-layout:1.1.3] AndroidManifest.xml:5:5-7:41
MERGED from [com.android.support:support-fragment:27.0.2] AndroidManifest.xml:20:5-44
MERGED from [com.android.support:support-fragment:27.0.2] AndroidManifest.xml:20:5-44
MERGED from [com.android.support:support-core-utils:27.0.2] AndroidManifest.xml:20:5-44
MERGED from [com.android.support:support-core-utils:27.0.2] AndroidManifest.xml:20:5-44
MERGED from [com.android.support:support-vector-drawable:27.0.2] AndroidManifest.xml:20:5-44
MERGED from [com.android.support:support-vector-drawable:27.0.2] AndroidManifest.xml:20:5-44
MERGED from [com.android.support:support-core-ui:27.0.2] AndroidManifest.xml:20:5-44
MERGED from [com.android.support:support-core-ui:27.0.2] AndroidManifest.xml:20:5-44
MERGED from [com.android.support:transition:27.0.2] AndroidManifest.xml:20:5-44
MERGED from [com.android.support:transition:27.0.2] AndroidManifest.xml:20:5-44
MERGED from [com.android.support:support-compat:27.0.2] AndroidManifest.xml:20:5-44
MERGED from [com.android.support:support-compat:27.0.2] AndroidManifest.xml:20:5-44
MERGED from [com.github.bumptech.glide:gifdecoder:4.6.1] AndroidManifest.xml:5:5-7:41
MERGED from [com.github.bumptech.glide:gifdecoder:4.6.1] AndroidManifest.xml:5:5-7:41
MERGED from [pl.droidsonroids:relinker:1.3.1] AndroidManifest.xml:5:5-43
MERGED from [pl.droidsonroids:relinker:1.3.1] AndroidManifest.xml:5:5-43
MERGED from [android.arch.lifecycle:runtime:1.0.3] AndroidManifest.xml:20:5-22:41
MERGED from [android.arch.lifecycle:runtime:1.0.3] AndroidManifest.xml:20:5-22:41
MERGED from [com.google.android.gms:play-services-ads-base:15.0.1] AndroidManifest.xml:20:5-44
MERGED from [com.google.android.gms:play-services-ads-base:15.0.1] AndroidManifest.xml:20:5-44
INJECTED from src/main/AndroidManifest.xml
INJECTED from src/main/AndroidManifest.xml
	tools:overrideLibrary
		ADDED from [com.google.android.gms:play-services-ads:15.0.1] AndroidManifest.xml:23:9-59
	android:targetSdkVersion
		INJECTED from src/main/AndroidManifest.xml
		ADDED from src/main/AndroidManifest.xml
		INJECTED from src/main/AndroidManifest.xml
	android:minSdkVersion
		INJECTED from src/main/AndroidManifest.xml
		ADDED from src/main/AndroidManifest.xml
		INJECTED from src/main/AndroidManifest.xml
meta-data#com.google.android.gms.version
ADDED from [com.google.android.exoplayer:extension-ima:2.8.4] AndroidManifest.xml:24:5-26:65
	android:value
		ADDED from [com.google.android.exoplayer:extension-ima:2.8.4] AndroidManifest.xml:26:9-62
	android:name
		ADDED from [com.google.android.exoplayer:extension-ima:2.8.4] AndroidManifest.xml:25:9-54
uses-permission#android.permission.ACCESS_NETWORK_STATE
ADDED from [com.google.android.gms:play-services-ads-lite:15.0.1] AndroidManifest.xml:24:5-79
MERGED from [com.google.android.exoplayer:exoplayer-core:2.8.4] AndroidManifest.xml:24:5-79
MERGED from [com.google.android.exoplayer:exoplayer-core:2.8.4] AndroidManifest.xml:24:5-79
	android:name
		ADDED from [com.google.android.gms:play-services-ads-lite:15.0.1] AndroidManifest.xml:24:22-76
activity#com.google.android.gms.ads.AdActivity
ADDED from [com.google.android.gms:play-services-ads-lite:15.0.1] AndroidManifest.xml:29:9-33:64
	android:exported
		ADDED from [com.google.android.gms:play-services-ads-lite:15.0.1] AndroidManifest.xml:32:13-37
	android:configChanges
		ADDED from [com.google.android.gms:play-services-ads-lite:15.0.1] AndroidManifest.xml:31:13-122
	android:theme
		ADDED from [com.google.android.gms:play-services-ads-lite:15.0.1] AndroidManifest.xml:33:13-61
	android:name
		ADDED from [com.google.android.gms:play-services-ads-lite:15.0.1] AndroidManifest.xml:30:13-65